2 D
35 D
31 1706529385
39 D
47 1270270939
45 2087792659
7 1239461535
40 1462862287
8 D
28 D
33 D
3 861139125
50 475577759
48
28 D
4
5 D
16 1681526088
1 D
9
10 D
13 2088145406
42
44 328771066
10 D
39 D
11 D
38 56549415
45
6 1028670608
50
39
38 D
48 309538281
32
49
10 D
16 D
25 D
33 D
47
44
26 1581743921
18
12 1898165501
24
9 D
33 1284349252
28 1472047529
22
12
26 1291749549
34
4 1052975188
3
47 D
8
50 D
41 D
24 D
30 2049569003
7 527177087
15 1078006792
50 1557245328
50 1617658513
32
9 1914834007
28 674154998
3 D
29 D
48
13
8 779514159
37 D
16 1142543466
47 1512983553
47 D
5
46 1603850232
21
42 811118050
21
14
1 661365694
50 D
39 D
27
23 D
40 1574711001
33
42 1284477822
10 684585095
5 2035920272
47
30 D
24 1263519727
24 1725286047
37
17
49 1961354312
2 D
36 43291553
44 1907747578
8
1 D
42 1415014716
9
50 D
3 1733487420
9 D
31 D
23 731041944
12 D
49
24 1079932754
41 D
17
48 919808681
1 178747441
28 2124100453
48 D
47 355354327
17
46 D
37 D
39 879139194
16
32
48
37 1222620243
42 1055720783
10 D
17
50
24
16
20 D
28 D
28 D
46
9
25
33
24 D
25 49441254
38 D
49
45 1010972684
25 1994439037
25
6 D
44
42 D
10 1499356139
31
2
35 256331197
8 D
48 1042910434
38
22
31
37 D
42 D
17
27 1010321245
24 D
33
1
16 D
10
50 1791974769
30 2107845125
26
46
48 D
2 7254360
30 146628280
19
49
36
10
12 D
9
39 D
43
26 393452287
2
7
30 1982715115
33 D
18
33
34
26
19 D
36
4 D
11
25 1540288362
39
6 D
21
21
25 973802079
1
26
19 D
37 2012420767
32 124076478
16
37 D
12 D
8 D
5 176231393
38 D
9
9 1769126894
25 276066797
32
7
20 D
42 D
21 789502498
9 158925777
42 2084272252
23 D
24 1304118501
31 D
32
18 1477752825
14
24 2135773046
12 456052701
39 2084966302
33
43 2125243977
17
50
34 D
28
17
13 857187825
26 D
1 D
35 662735476
49 2091538842
14 1218657972
42 D
38 D
26 D
17 D
30
13 D
26 D
35
14 D
25 1522304655
40 1030899033
49 325586271
38 D
35
25 531145293
29 1421905201
9 D
11
14
15
28 478470080
26 1776753068
3 D
1
47 D
34
48 D
8
25 D
17
25 124340006
12 D
22 933722847
31 1945295466
47 D
20
28 1011306778
33
22 202082398
46
29
19 D
16 D
26 D
41 D
43
24 2014741330
29
33
48
32 D
40 D
3 1754819126
46 1428603677
46 1619207000
44 D
8
35 1353175210
41 1158861817
26 D
41 D
28
1 1847583662
49 605523573
10
44
24 302793524
29
6 D
6
33 1944750784
50 D
31
12 D
35 120223908
13 D
33 D
29 D
15 D
7 D
10 D
17
29 670074321
44
41 D
49 278275230
17 D
40 343738705
31
40 626061022
27 388428410
4
15 414725930
9 D
2 522146810
27
25 1790909898
22 D
26 D
24
21 501559792
46 D
41
28 D
30 D
39 1035931621
19 D
38 1345746242
41 D
48 D
39 D
10 D
1
28 D
8
15 714718299
15 D
3 D
33 1559505382
41 D
40
20 665170444
4 D
15 1179843249
39 D
2
18 D
7
12 D
3
22 555136434
13 2117292251
6 2050103228
21 D
43 D
33
26 1133228591
44 700906482
36 D
26
8 D
9 140961379
38
50 1076911864
15 1543421047
13
47 D
45 960109937
17 D
45 D
25 D
43 D
33 1753011102
1
45 D
15
31 D
5 824102667
17 1524175973
1 737838538
16 D
36
22 237839480
42
30 130198123
8 1789185842
8
16 D
45
32 1094276336
29 D
28 1197190800
36 380620543
2 1621485300
15 D
48 660541845
11 D
20 D
48
31 D
22
16
31 D
39 116471676
30 2023859274
40
25 268263768
37 D
24 1777448461
1 19571423
17 320909592
34 D
19
2 D
29 D
41
12
20 793639705
44 D
41 930352201
5 301469854
41 D
47
50 1026631569
9 D
47 D
8 296297236
18 D
10
40 1021054708
38 D
25 D
23 1205739569
19 D
31
41 D
50
1 507679635
43
12 1689339617
22
41 2128401738
41 1224353516
34
37 D
40
5
47 1646834010
11 600294761
29 319562270
4 D
49
33 79089796
36 930961287
20 D
15
32 960822398
49
34 1165729973
14 D
3 1653161858
14 D
32 878851685
9 1890773002
29 1087514383
16
29 D
45
41 951283847
39 D
9 D
10 144830394
23
46
7 1676670445
26 D
7 1152860022
35
2 1340759309
6
44 D
16 393938334
24 1301679982
37
48
8 D
3 857251724
26
24 1455024042
10 D
19 444762311
17
48 D
16
15
44 D
19 D
11 D
21 1798090773
39 949809914
5 D
23 D
9 D
46 1089329556
5
11 765074158
43
3
47 61830238
16 D
16
44 D
39
35 1559695212
23 1188079599
26 D
44 1606758352
18
40
22 D
12
46 1743730031
36 D
27 2134429984
7 D
48 1040663442
23
15 1455251011
30 822642193
8 2048023948
35 D
32 D
18 1996758838
12 1018309830
32 1113393258
34 1645235590
23
37 D
8
41
37 D
46
11 1737888943
5 1578684432
24 D
13 357177315
39
36
27 D
27 397458443
49
50 603185643
12
41 1795269671
7 99931057
5 D
39 468624536
7 D
18 2103520815
22 476170905
43
44 1168090691
4 D
45
44 D
50
8
30
22 D
34 1547992219
4 2003823025
16 D
33 D
17
14 D
43
31
50 1206610741
19 D
22
8 2037475069
31 462375250
44
20 D
43 1530884759
37 D
16
21 D
16
37 D
7 D
4
28 D
17 D
21 D
40 1168501551
15 D
2 845949731
13 D
6 D
8 D
26
14
15 942713664
19 1069436913
34 D
13 D
6 D
28 823808905
50 D
3 D
16 D
2
19
1 863403109
28 D
19 1591129701
20
11
8 D
49
34 D
43 D
11 D
44 1334574325
48 D
39
33 1474280174
36 571318788
45 D
22
36 D
43 D
15
2
47 1920475218
1 D
28 D
25
5 912456351
19 D
16 821418520
23
26 D
8
7 414350472
49 D
47 959900730
48 D
18 324117531
19
50 1095665347
30 668151535
8 496770035
14 D
32
33 D
26 D
34 D
39 D
42 1793290084
25 474578237
32
33 D
41
40 694241574
19 D
29 D
4
8 D
21 D
17
23 D
7
34
5
45
44 D
47 211041828
36 482557113
31 1453968129
17 719584930
7 608700074
25 1701951790
26 2073149386
31
35 1514587353
17 D
40
35 D
37 1652523546
24 D
34
23 1122668483
12 1692709909
3 D
22 D
2 229228042
35
4 D
48 D
42 826072520
20 332135092
40
37 D
36 1033613542
37
40
8 D
9 1255269943
17
46
47 D
14 D
45 1626635900
8 2100999543
27 D
45 190996422
3 1723295190
38
43 D
36
33 58433548
29 1233076922
26 1455289293
37 461594550
21
25 361169363
7 D
26 D
37 1517141074
31
41 D
37 903527092
40
12 2010527727
50 D
31
38 D
1 D
35
25 37551016
40
33 D
7 128584132
33 1233527819
30
30 568122710
10 1363224620
26 182241657
15 25861999
9 D
10 D
42 301851470
10
11
1
17
30
43 2061672826
16
6
29 599443952
34 D
31 955073666
3
11 D
6 D
23
42 1206293053
44
37
13
29 6400125
48 D
43
19
33 1090109502
32 D
34 D
41 D
49 D
48
25 680502051
24 2043994733
20 1080669606
25 D
5
48 D
37 2057164432
48 75769460
38 D
41 765491853
48 D
9
22
18 2123372596
16
46 178510602
13 D
47
40 1805555890
50 D
19
32 1732777053
43 388109407
44
30
24 1229555259
3 D
46 966214562
34 1863185277
4 1887607310
7 D
44
49 1846077712
15 1908833353
8
48 D
30 57441026
40 D
5 D
17 680907778
17 D
9 D
19 224451370
7 1511344629
11 D
36 1023373019
17 D
4 804888620
16 D
33 729926049
12 1803630626
35
38 1989155267
13 932028225
44 D
17 D
40 1271172608
36 149692969
1 D
50
29
42 638059450
20 397048648
13 724204327
37 D
39 D
19 1668791770
42 D
38 784527145
12 24131301
31 D
36 D
50 D
6
24 D
12 1651652499
34 D
4 1194827391
9 D
38 D
45 D
34
47
37 D
47 D
19
15
39
9
7 D
13 846958062
45 1063491316
22 D
35 D
45 1775726748
33 983291795
42
12
17
48 D
42 D
39 D
16 1649354645
48 D
1
20
40 473077901
37 1143457509
12 271028081
4
47
8
18 162474824
16 923213002
8
44 110679049
41 D
14
25 D
37 618874626
30 1085343269
28 D
6 D
46
21 D
26 506164965
25 1758288378
34 D
25 D
24
40 D
34 1979245388
41 893392397
44 444123640
9 D
29
19 D
48 D
10 1231421862
16 D
7 D
43 D
32
2 D
44
47
18 1186773180
14 2040132926
12 D
21
22 1886151150
35
46 41230860
35
35
7 1356965389
7 637863578
38 647842681
5 D
25 D
46 447670559
26 846511361
41 D
21
8 584170993
50 1135208154
43
44
28 1709078276
39 D
4 1333067040
21 414356551
10 1092975390
39 1028653551
5 600577587
6 D
29 D
27
45
21 D
38 390353360
5 D
42 122955889
49 1664569111
32
44
13 2136187842
27
48
31 D
38 551768654
37 D
26 D
48 224570542
25 2052117693
25 D
16
32 852573595
45
9 D
49 D
31 D
44
50
2 D
44 1580312737
5
20 D
41
48
26
27 D
33 52180982
8 D
42 D
17 D
29
28 2074393446
49 D
45 379788229
32
11
19
37 D
2
23
42 1246001440
26 35908809
49
17 D
20 1248590389
24 1147664001
30 1845870835
15 1316573686
49 D
19
28 D
45
17 1456451423
35
36 D
39 D
22 570594667
17 D
8 D
2
13 1908567174
18
35 1334979678
37 D
2 1743402433
17
30 D
3 2029297122
39 651870297
27
38 1781164270
48 D
22
39 220231094
45 D
12 D
40 961145885
11
6
1
10
31 565701760
12
36
48
48 88927787
29 1409388046
12
45
50 D
49
5 D
46
20 1000802411
42
10
38 2042533436
4 D
9 D
30
4 D
25 1032386271
39 D
35 D
26 D
12 1992575295
22 D
10
40 D
42 D
29 1614891607
7 369775907
31
32 1748673823
16
14
20
49 1882190772
38 D
45 1470808208
42 D
11 D
7
35
12
39
3 300650916
45 D
17 1092169456
21
6 351799847
26 D
28 956947599
50
30 D
21
34
8 D
31 1653432160
40 D
32 227327898
31 1068681567
39 D
8 1695176001
24 D
15
3
15 491451287
22
20 1084859322
33 1222805555
42 1271903310
29 1538576545
23
39
48 843339279
33 412648750
44 537364642
6 252869746
38
47
1 D
44 1932601877
11 D
36 760131991
50 1545093427
5 D
18 1994233461
43 D
21 530736907
6 968854469
30 501818133
23
2 D
28
2
8
5 D
43
44 956879646
5 D
27 226380653
44 740536195
32 66756668
24 1211031857
45 508196214
20
14
48 D
4 D
45 D
50
17
21 1563597444
46
22 1875409257
30 D
8
30 1825657387
13 220561204
11 832041041
9
48 1628965321
14 1315542380
19 258215469
1 D
3 1885426782
1 D
46 625351928
4 D
11 D
40 D
18 D
1 D
6 D
34 D
32 565438628
18 1181352818
17 D
41 2065951726
26
21
43 35329276
4 1857450237
40 1330209167
47
25 1342652424
43 1804685851
3 2015204071
50
38 D
7 1964691508
7 D
42
2 D
7 D
17 1727775391
14 2026749187
17 D
37
15 601512739
37 D
16 247824897
29 1804503048
45
39 D
27
36 1136254647
44 D
22
8 1312114117
38 D
19
31 D
20 1934293755
32 877254792
35
44 52849529
27
43
47
49
40 D
20
45 D
14
27
21 1749971901
44
46 D
16 D
45 D
17 D
25 214660601
34
13
33 291870533
20
3
25
34 D
32 359788816
35 D
46 1106397748
41
47 1980444899
24 D
31 245102616
29 D
41 D
1
18 2132734865
41 1616545723
29
14 663028392
48
28 D
46 D
2 D
33
47 D
16 D
20
2 1638605365
13 1049000281
23 429825946
44
10 D
7 D
30
48
35 843205021
20
11 D
30 1195049791
49 D
50 2060823036
37 D
35 88798123
9 D
31
34 1605126381
16 D
13 D
25 610174813
18 D
9 1632906272
21
26 D
29 D
34
7
21
41 919299314
26 400018821
8 D
36
4 685637469
20
12 750293745
22
6 288068005
43 D
39 1091161127
31 D
27 D
42
46
14 D
35
44 D
10 D
16
30 1937103148
39
21
46
18 1167238700
8 1304174375
33
14 D
25 1060295247
34 D
43 D
17 530045142
6 D
9 1806675149
15 1752678123
6
21 1017360500
32 1055061210
28 1069770275
3 1340126181
29
46
38
42
39
30
18
44 2114566142
12
13 1710368859
34
19 820302742
14 D
31 1973445677
11 1680251793
4 D
12 D
35 247236905
34 D
35 1172783924
42 D
5 1809645040
20 D
41 D
30 D
8 D
29
40
31
17
11 1753462981
31 770901500
11
39 D
29 D
29
40
23 324075260
10
43 D
32 1962136477
30
9 D
38 D
12
43 1360335493
30 D
28
13 D
26
14 D
43 D
35
15 331753625
28 D
15 777196103
41 2005320906
15 259945303
22 380782418
22
41 155372621
43
22
31 D
22 D
1 2011926271
49 D
28 80366959
34
22
37
27 D
10
33 D
42 D
27
20 1808750965
6
42
23 D
21
41 1674151305
2 D
39 D
21 1509959400
12
11 D
23 1308855470
34 1253918855
4 1884212511
26 978376625
8 389324900
2
18
8 D
22
49 269984062
43 1675906245
33
47
24 D
50 D
17 1162662726
41 995184153
6 1446247242
35
43 404470339
22 892309488
43
44
20
7
22 D
1 D
50 D
42
13 1202860837
28 D
28 875793635
29 1387301045
6 D
1
32 396616472
12
11 602031429
6 D
26 D
30 1170361601
19 2127438701
40 1097258566
47
1 749414680
33 D
25 D
2 D
48 1674035010
20
14
15 D
18 D
29 1806285668
25 2085690630
23
49 D
30
42 D
26 1711885292
31 1915424497
35 684623679
10
46 607590817
42
41 2012966692
41
38 D
16 D
9 376902832
33 620486733
30
32
12 332890588
12
43 D
6 D
4 D
14
23 198780577
33 1223255400
13 D
41
6 D
15
11
22 D
28
22
21 D
39 1440081454
39
20 1560221573
42
4
27 D
22 D
1 D
43
19 963986878
22 745530073
32
47 D
16 1243637320
18
46 D
15
33
49
35 1666664849
3 D
48
11 1528330460
21 D
41 D
46 1446262758
14 2119680797
7 215240017
11 D
25 D
48 724054036
2 D
10 1777963588
5 1709544945
1
5 2004943948
49
6 D
47
26 D
14 1370172497
42 D
43
15 450226723
13 1279485796
24 1763859266
12
24
12
6 D
25 636187607
28
46 D
3 D
4
16
32 1564710057
32 1115589932
15
37 D
23
36 124771492
27 1593573807
5 D
35 1387830284
9 D
13 1232457887
2
8 D
40
17 538062551
35 103516213
20 610321700
49
48 D
9 D
33
2 D
45
24 D
48
47 1472555960
22 D
19 D
48 1564788695
34 1070353757
49
5
50
29 D
25 D
50 D
5 1279909197
18 D
44 D
17 1564405295
22
21 D
45 1695102261
24 D
35 D
38 D
11 1875301833
19
37
50 D
49
17 D
35 D
40 D
3 D
36 419950632
20 D
46 D
24 2048863991
16 D
37
49
36 D
31 787266708
33 1935290114
48 241588929
20 786750075
29
21 1616993271
8 D
29 D
27
50 627815813
30 1379824286
2 D
50 D
32 1335263500
27 D
17 741531871
8 D
2
17 D
35 1247713119
17 D
42
26 921795184
22 1376355524
13 D
6 6426285
13
18 26162021
9 491922567
11
30 936513094
22 D
28
48 1553631076
41 372539629
25
17 1510709910
20
7
5
39
4
28 D
2 D
25 D
11 D
32
34 1248104085
11 453937898
5 D
48
33 799825813
41
46 779752544
5
26
7 D
37 1029476234
15
36 1940922468
38
8 1454944204
40 D
46
25
9 1436944269
44 1880095771
28 895898036
31 D
29 D
34 D
17
41
26 D
18 1247139221
42 D
20
14 540715593
10 687340543
16 842129784
23 D
18 424111106
31 D
44
39 D
48 D
25
13
32
25 168835435
39
42 D
37 438694548
15 D
7 D
34 D
29
50 D
16
35
6 D
27 D
40
40 2060515242
39 D
47 902989786
13 D
23
44 D
19 D
12
35 274411639
26 1384968280
22 144680479
39 D
30 870143323
24
27 D
4 D
15 D
50 95164565
11 1454952840
16 991959115
37 1491158459
38 1257818267
26
46 341597796
22 903756087
35 998521090
23 D
41 848918438
46
37
4 1817369777
28 D
13
2
39 907454302
32 1122249327
23 D
30 D
23 D
50 1265982389
2
6 D
4 D
19 1669054022
48
46
35 872070250
38
13 D
9
40
49 D
37
32
41 488505904
27 D
37 1249348421
22 23901082
25
16
48 D
33 D
21 356106841
45 D
21
13 580163103
13 807652320
31 2071665854
7 259349191
15 D
25 D
44 D
18 1670006493
44
7 1388221089
36 560460880
19 D
50 1032672814
12 1026139635
24
13 D
30 117152711
24
14
40
18
1 D
44 D
23 D
26
31 1788675617
1 330236262
43 1092115895
20 D
3 1317839319
37 D
20 D
7 446428661
38 743713887
33
10
16 1999841236
14
12 D
30 1222117030
5 D
18 D
17 880878575
45
3 1652725614
6 1590702399
48 1633750847
2
5 1778813773
50 D
41 1049122629
32 400538780
4 D
45 606704539
48
45 1316404728
30
26 D
31 D
31 D
34 D
49 81684695
43 845586807
46 1466195844
34 D
35 1626864801
50 189928932
2 D
44
43 D
6
1 D
22 1675391343
46 D
48 253206437
31
49 D
45 D
14 2094997642
3
41 1514873296
4 D
8 29702037
44 D
34 D
50 565406436
18 D
46 D
10 453681969
45
11
25 993337707
47 2120291758
38 D
23 D
17 1648987340
24 D
26
14 D
20
43
14
46
29 1162888206
44 D
26
14
45 1045143423
34 1906986981
23 D
12
46 D
17 D
9 D
36
22
22 2088026901
35 D
49 D
39
33
50 D
36
6 D
29 2024416480
15 D
20 D
43
28 D
48 2079065800
48
50 D
15 172498267
40
19 1954273845
10 D
18 586931638
7 D
4
26
14
30 828849717
48 475047265
3 D
33 1246732574
36
30
38
43 D
24 973271170
29 D
50 D
48 497302522
14 1412522962
46 2141757550
15 1467300738
33 2039587068
33
7 D
39 D
20 D
27
16 D
6 D
40 751553647
50 D
24 84826298
23 D
30
48 1184086582
20
43 786309167
26 1514064187
49 1693428375
25 949779240
20 1239276618
15 D
19
11 1739827238
4
26
45
24
8 1722363970
26 D
32
4
7 1222470697
28 1992044725
24 775528606
35 637326241
7 D
40 D
27
13 D
34 1243402282
46 2055288902
41 D
20 2020492138
26 1689292943
19
16
41 719971468
12 1284089115
19 1747048568
47
50 D
22 D
8
27 927677801
4 D
30 D
33 966690739
20 D
13 103852594
46 D
37
27 171887748
26 D
18
26 357223866
21
10 D
35
18 D
26 1262771644
22
50
39 1847820068
9
49 D
37 D
43
28 D
43 D
39 D
8 D
41
5
46 D
44
11 2139525279
27 1409219924
23
40
31
41 D
46 1933072969
23
36 1531476382
41
49 D
29
30 D
31 213858493
30 882329623
3
49 1104752895
21 D
21 D
40 D
44 1139681329
11 D
6 D
26
18
50
47 2054157918
50 D
22 D
6 D
46 783522664
22
16
15 D
39
21
38 780044211
3 305601048
42 858188493
13 319181946
11 2117933449
38 1041087955
36 D
4 461349523
33 D
37
31
19 309696774
46
32
42 D
50
9 D
30 D
42 D
33 D
4 D
30
49 D
11 D
34
37 D
47 D
5 1087963478
45 D
26 D
45
47 D
48
35 D
30 D
39 D
43
5 29920916
31 D
39
15 1892530393
8 D
46 1115223318
23
38
38 D
19 D
32
25 1175457776
44 541324558
22 1789084670
37
12 1602433588
3
18
25
46
44 D
7
14
29
50 331602064
17 1833694013
48 204194409
20 1221527001
4
21 826120480
20
22
14
28
43
20 D
8 D
25 D
31
48 1773964237
33
22 855890406
34 1415007415
43
46 1271501154
21
22 716824990
34 1919907334
18 D
8
19 D
17 566518678
7 D
46 D
15 1294839814
12
29 D
19 60893956
11
33 D
42 D
22 937840752
23 2094689075
40 1195891624
44 D
36
6 D
2 D
6 1192846005
38
39
41 1946305493
17 1934823711
28
18 1688265933
47
7 D
5 D
36 1204804581
31
26 D
15 1116429171
40 D
22 107271183
1 D
14
39 1395056511
34 D
26 D
11
11 D
27 D
30 D
1
38
10 D
33
30 D
40 1819775116
3 D
26 174917655
29 1668815477
35
21 809628233
23
35 1979859805
24 125260709
3 D
18 802926846
35
32 1614972379
3
25 D
13 517838871
48 1441055930
21
49 1030527561
12
22 1617202245
36 442808651
9
45 D
13 D
10 D
41 1946769474
17 664505332
17 D
12 1544958894
27 D
46
46 D
3 349446965
28 D
47 1494749374
47 1148294354
16
31 D
20 D
12
49 D
18
18 D
10
38 D
13 D
28 1867833705
44 258812076
24 D
17
11 D
28 D
39 251748346
47 D
21
1 D
1
37
50
50 D
3 137390258
44
21
9 1799769665
21 2054723755
47 383694475
48 968679231
19 D
33 1857681272
19 D
28 D
45
6 1260377420
10 2147158343
45 D
17 D
7 1353647527
15 D
44 102938499
5 D
11 1587863216
40
19
35 1830473411
18
22 822778095
21
31
4 1142653430
16 D
41 317732006
40 203713756
22
23 D
38 283934427
1
6 D
15
37 2127623376
10 D
4 1152765339
15 1738700882
30
25 D
38 1116884125
18 524479986
45
13 D
18 D
50
32 D
13 187220927
17 D
29
33 686959176
19
2
2 D
35 1795988497
33 1150668710
43 852858330
24 1844456195
20 D
20 D
16
30 365249549
2
4
41
50 D
20 366762202
13 D
11 1198523112
9 86465916
41 179960536
49 D
28 655752522
18 D
45
26
44
46 87788288
24
45 992861239
40 D
18 D
3
31 D
49 1387498584
41 384807072
12 2001087639
2
17 D
41 D
3
18
17
49 1109383266
34 D
32 978746565
21 268380227
34 D
8
47
23 D
28 D
18
18 D
4 D
34 1305174046
1 D
45 451717225
41
31 D
14 897777129
26
25
37 D
23 D
24
14 D
50
31 1839372890
14
1 D
8 967573960
29 294492803
14 1254571926
37 137562117
7 D
17 D
1
44
1 D
36 1393798465
39 1673496174
17 35950772
45
28 D
30
46 D
47 86637226
41 D
4 D
12
10 921189553
3 D
33 1723040297
41 D
8 D
5 22789126
8
24 719331818
17 1260479424
25 1996842800
3
10 48667777
18 D
1
22 2138492108
36 2089079160
20
12 1074680087
32
6 D
42 99125180
43 1566236695
2 D
31 1871442709
20 D
3 D
19
10 D
4 797758909
19 D
9
18 1709829946
42
30 D
48 D
3 D
29 810921421
10 600903023
38 1018808535
28 D
49 537459512
9 683496247
10
18
4 D
8 D
45 447202519
5 D
49 1464170214
34 D
10 D
7 D
35 D
49
12 D
23
37
50 D
34 547566455
11 D
5 565153180
22
6
17 1831320415
2 1987070205
36 D
37 D
37 325705237
13 D
7 D
45
12 1427459117
27 D
45 1806357076
5
29 211881307
1 1417070859
40
26 252251097
3
28 D
43 D
5 D
35 D
36
28 1685274794
14 D
40
26
49 D
8 D
37 655666796
39 1439893359
42 D
23 926822375
38 D
30
14 1693329514
50 D
7 162822907
38 1059886193
6 D
38 1605372258
42 D
2 2074151667
7 1113054572
25 D
9 1690522635
47 D
29 D
12 555208841
25 1279969416
40
7 D
11
37
2
39 D
9
23 D
15 D
21 D
17 D
37 1279914792
36 1870658396
11 115004067
19
47 1232438463
42 62678391
35
35 1122765028
9 D
32
15 D
25 D
15 1415164773
38
47 861205225
35 1792643179
27
25 1586419285
4 268963388
3 D
45
40
9 1397247611
38
6
37 D
18 1491599325
44
38
1 D
29 2032455891
11 D
6 2071877148
40
13 D
22 1654126416
3 398936449
2
22 D
45 2109757930
27 1204219449
42 D
12 D
50
39 2033058
24
48 D
32
40 D
32 1397359714
8 1699953691
39
37
30 218377412
15 863351879
46
29
8 409225313
17
32 260104480
34 1532277224
50
31 376430749
16 D
33 D
50 D
50 1287334861
43
49 D
5
36 D
41 1135345769
10
3 D
14 D
50 1080076245
40 D
3
18 D
42 1672689352
24 D
14 540325971
1 718446827
6
15
34
23 976605323
17 D
47 D
48
35
38 D
20
26 D
30 1627717678
14
37 D
24 D
16
35 D
40 759032238
3 D
17 D
35 584322813
16 D
35
23
35 D
16
50 28685782
8 1652305355
26
16 D
17 1256064524
44
30
37
35
14 2015774348
37 2063320468
27
16
4
18 D
38 D
37
2 1218969630
49 406805094
41 D
7 D
18
32 950403467
45 D
43 723033295
17 175502752
48 D
4 1037799005
33 D
8 D
37 681896897
30 825212592
29 1944701446
3 94739531
1
22 D
19
28
42 D
32 D
34
17 474317582
36
41
39
50
8 D
31
37 1336419425
31 2104490587
15
22
2
24 318769858
34 D
4 247595886
31 1897403655
46
2 1862457598
7 D
46
15 D
29
29 1442908234
5 D
13
4
45 D
11 D
28 D
3
4 909140895
2
41 D
29 1182198316
38 788183995
11 1367131005
20
25 D
16 D
19 246205963
19 D
36
3 D
16 D
23
6
49 2051237753
12 D
5 385510089
20 227462930
10 D
8 386451949
2
18 D
34 1160916056
23 D
4
28 D
38 D
22
44 1331219649
14 D
1 1397882889
48 D
30
28
1
47
3 D
36
12 D
11 1989363751
28 269553977
10 D
31 1203236709
7 D
42 D
6 D
46
1 541295633
2
3 964548320
11 41563594
10 D
13 1194890791
31 D
50 D
17
3 D
1
48
17 D
28 1393005910
47
11 1531900969
36
2
26 148553296
2 257545736
47
23 1190808170
35 D
42
29
6
27 D
11
37 1818257449
10 2136700095
32 1924067204
16
1 D
48 D
11
40 502780512
45 1757426745
28 388546693
19
17 269674753
50 893972988
7
8
21 D
16 D
41 D
15 153807334
17
50 D
31 D
46 758224074
22
25 D
46 186161742
50 281506284
39
11 2018143384
21 1204470180
41
49 D
44 D
5 36613027
30 219869902
9
5 1884474526
23 678369649
39 1531317759
26
49 1570515606
50
50 2098527945
34 D
26 1227613134
48 124789662
46 D
35 D
35 1713583580
30 D
42 267156755
42 889055152
28 1253699689
34 925380408
9 D
11 D
43 D
17
47 D
24 132570223
49
23
16 D
34 D
18 466091528
33 495817388
7 D
4 771483669
45
3
49 D
50 1827402425
5
19 1328104130
32
39 1792064215
50
39
2 119921490
47 37337564
1 1918004432
47
12 D
17 D
16 299192860
44 137852587
23 33968464
9
30 D
33 D
42
38 1416513714
49 D
22 D
21 D
39
5
28 D
31 D
39 D
9
4
15 D
23
7 1441098203
30
21
7 D
15
2
6 D
1
18
10 1139899158
10
38 568319601
25 1456191959
32 1191774893
26 1298125815
22
48 D
32 1392771542
18
30
44
9
1 129353176
44 1557029406
3 D
32
44 1191396972
46
47
13 1215264008
26 1415162286
44
23 D
43
3 751231133
20 1693387094
11
2 D
36 924235206
32
33
43
22
3 575803114
41
10
31 1134550816
40 D
6 1172827688
27 D
25
37 D
9 2047053918
18 D
28 D
46 2052247679
19 1825763070
24 D
34 243523635
50 1902137842
20 324416740
8 D
35 1972520423
43 D
3 D
35 D
20 D
1 2121585279
38
11 D
27
30 D
15 2126090215
29 D
46 1774207200
26 2103283685
36 D
25 1349877789
31
25
36
23 D
34
18
29 D
5 544211404
35 1432147531
20 D
40 1604074950
31
1 1625549016
9
22 D
12 D
46 1959779934
41 1999779718
41 D
48 D
16
21 D
41 D
39
49 349591300
41 2089244931
42 867167495
20 1611599486
41
4 D
33 1761827736
48
39 232576491
40
45 88192652
21 980587230
22 161325711
35 1135483229
6 1951769726
26
9 1911614510
6 D
3 D
19
32
42 1077834127
26
38 D
24
10 283237685
17 D
22 339243503
50 1992150311
19 835926659
50
17 1593580731
42 660405862
40
15 1534831789
6 D
2
30 302500337
2 997661001
13
14
19 D
27
2 1921649611
15
40
14 319354369
10 1354618183
7
3
37
2 D
23 401715156
3
32
26
3 19344841
8 D
14
11 1003075317
7
8
13 597117194
2 1574785420
25 D
20
10 1674666462
23
13
29
31 D
26 2062609025
6
38
33 D
28 D
13 693150858
36
32 162055656
1
45 1337823694
2 D
13 D
46 D
21 D
31
9 469338533
41 D
44 D
20 D
40 D
19
26 90955239
20 D
30 1488088558
11 D
43 D
32 1744344866
29 D
23
32 D
3
43 1793149087
13 1782241323
36 D
46 423707517
37
38 D
19 502458239
29 D
32 D
39 D
22
19
2 D
50 576620956
20 648374450
43 D
7
21 D
30 D
21 D
7 1987729314
45
28 1904900264
18 D
5 D
12 751887582
37
9 1675364245
20 D
31 766306530
46 D
15
38
30 1867370779
40 1013252233
13
27 D
1 D
46
46
11 D
24 18437343
17 D
40 D
4
46
24 942369247
35
28 D
25 374873330
14
18 378376966
41 2114146035
27 1463149755
14 1494616684
32 612151566
4 1093390725
11
9
20
29 1654484819
35 67110215
15 1535143645
40
45 375943608
40 D
28 D
46 2147286156
8 849147644
19
25 D
24 1005619513
26 97350714
1
31
25 D
47 D
14 D
20
43
15
15 673204592
34 1568730677
32
10 D
15 D
41 D
42 1598732194
10 D
10 D
47 D
27 325479841
19
4
14 1975352891
14 623726793
49 D
27
3 D
15 1747704244
44 1549131471
23
7
22
50
19 2136961969
30 306908195
30 D
20
39
9 D
44
21
40 6859654
25 1805542944
36 89836237
17
28
13 643763536
2 D
26 D
49
28 1178115300
27 D
18 422019163
11 D
18 424643108
40 D
24 1800116651
31 730699389
2 D
36
46
48
30 D
6
11 325138307
19 D
49 D
28
31 D
45 D
7 D
40
17 D
27
13 D
46 D
37 D
3 436168395
11 15702984
48
1 D
27 D
17
17 1452431916
26 D
37
49
24
25 D
31 D
8 812891777
22 629975611
47
17 1337130320
24 D
19
35 D
27
27 D
15
18
39
5 1513470021
11 D
15 D
7
16 D
35
26 D
7 D
3 D
15 57055846
5 D
41 273521276
15 D
27 1594250118
15
3 113829149
29
6 D
11
25
4 781359750
21
15 734382325
18
23 D
45
6 D
43 D
18 D
41 1330906716
47 D
46
31 D
18 D
25 D
42 D
44 D
6
13 1049302180
31 1691818903
8 1662526317
17 D
4 D
11 592891652
4 D
34 D
3 4580154
33
16 D
8 706931058
47 D
50
23
50
44 1761302860
2 D
42
31
22 D
49 1838357554
45
17
50
9 17351247
48 1206279189
10 D
46
13 2116042902
3 1526510609
36
38 930065437
38 D
23 1219408880
35
35 951477775
2 366955903
49 1503364117
11 D
35 D
41
24 1827139160
48 D
27 D
48 55674460
5 D
48
35 1422811714
14
44 D
38 825683418
30
7 D
19 1961670419
42 1951670813
38 D
11 161685257
11 954428972
18 1087121473
41
42 D
3 2025480606
50
41 D
30 1972295428
3
23 D
32 D
15 1806509885
8
18 D
35 1012158409
42 197419824
4 1322263855
46 267347670
30 513388558
10 1752061761
38 501984284
21
48 176748581
31
43 1044698077
8 D
48 D
27 D
19 634872046
38 D
18 D
34 D
41 D
33 1579262088
5 403039300
23
30
27 D
1
8
41 D
13 522496337
43 D
15
35 D
8 1934717136
5
30 D
16 1951106997
35
7 1600308290
38
21 D
49 1454022626
43
46 836201381
21 2026035427
31 955358282
22 D
3 423855266
34 1904547380
37 864581833
24 1740383300
23
47 1385859337
21
44 1412431068
24
45 787983763
50
26 D
32
26 1993289125
2 D
15 2118797676
1 D
9
35 1813157368
26 D
4 D
35 D
37 201522771
9 1050547983
25 D
9 1677161424
20
24 350446244
19 2132978042
38 243328016
45 D
23 D
11 747108443
50 D
42
49
29 D
5 646394392
4
39
23 D
1
6
26 D
30 D
14 667281880
23 1460905415
13 D
49
32 D
12 D
29
45
14 D
5
47 D
38 D
26
46
29 1223869706
21 705227600
34 728518619
38 679971163
38 1999138906
26
50
12 111753899
18 713226781
23 D
14 D
43 1132374054
35 1616496873
35
5
46
19 D
43 D
35
50 750327834
37
27
7
8
46 D
27 D
25
13
13
12
14 D
44 D
16 D
14
35 747747641
23 1384585558
23 1109116524
25 D
14 1749478139
49 D
40
19 362566718
31 D
18 640317346
5 D
17 D
32
5 D
23 D
16 D
47 1988687707
43 D
35 D
6 1729969682
42 1665427809
36
4 271689298
34 486305606
2
45
16 D
18 1324439566
41 D
19 D
38 1496578474
17 D
12
2
20
47 D
42 960393169
43 515270435
11 D
10 D
40 1316073491
31 1185027851
47
11
25 1737460505
31 D
46 511190499
5
42 D
34 193153600
36
49 584348391
19 D
12 2017200933
6
10 D
12 D
48
42 322245819
4 495113074
18
6 58522437
22
15
2 D
14 D
49 653955073
35
40
3 D
49
30 1709554165
3 D
7
22 1315093841
5 D
49 D
32 1735374967
12
25 2007652418
18 D
25 D
42 D
49 D
25 453939589
20
44 D
37 1387981558
12 1418768181
41 2064620359
17
25 144187946
42
42
27 D
24 D
9 D
1
35 1125131535
31 1598728479
4 837659240
32
35 D
44 D
35
15 99107402
36 112548612
19 794287717
18 1582187022
48 D
50
8 D
21 D
49 D
4
8 D
17
37 D
40
13 D
25 1203774141
22 778864876
40
30 D
39
18 1308633981
7 D
27
48 1453135771
42 49461703
26 D
39
32
13
26 D
18 1308190578
35
40 65142934
11
10 D
45 D
26 D
35
38
34 D
42 281886028
50 D
38
33 1099878547
40 785615347
34
36 22110880
26 213305679
16 390591571
17 D
36
33
20 143785379
29 D
37
41 888158217
39 D
36
25 263993293
14 576268947
48 D
47
50 156238714
20
37 776091371
30
20
24 1879636058
34 814155358
49 D
31 107880927
42 D
25 D
26 D
5 D
19 1883055596
26 D
14 D
46 D
36 1296979722
14
8 D
31 782593247
27 659227181
16 715972335
41 1196073940
34 716971807
45 D
10 1366133567
48 829366704
45
30
38
39 650441860
16
20 1539171684
19
36 D
41 D
10 1592964476
20
24 D
29 D
46 1448450621
39 D
42 1361551560
16 D
9 D
6 307460647
49
9 D
29 D
6 1945573123
14 D
22
42 D
32
18 649233077
24 364780288
28 214350509
15
5 D
14 297150374
16 D
23 1804937201
2
48 D
43 D
41 D
18 435098976
48 D
6
30 1325058630
8
7 D
48 D
37
35 D
4
14
15 D
5 847446820
13 D
44 D
37 1895176996
16 430864880
2 D
27 637881661
45 700158504
3 1386090382
33
46 2134447560
2 D
32 524422410
15 815190718
31 2137751831
23 D
36 548954569
23 293522613
38 1427759737
3
3 D
27
21 729207709
36 D
33 D
32
28 D
50
47 893160533
4
37 D
9
21 1021724642
43 264498503
1 7365864
43 1204965673
31 D
25 D
39 719951888
37 1621313740
18
29
28 D
30 D
24 D
21
20 77266273
17 1124174554
19 D
33 1214775819
33
2 32735108
29
10 1582415260
2
10 557886126
42
4
38 1592796412
2 1250370863
44
29 1574638470
11 D
24 D
31 D
9
7 1310131107
33
50
18 D
13
27
49
46
24 1324107053
41 27301949
25
29 1150379064
32 D
37
7
43 1676724046
28 870872200
41 1888695409
14 D
17 D
27 D
49
41
24
41 D
11 511225710
36 D
20 398301219
17 63836557
17
48 836653231
11 895009402
28 D
27 D
29
30 271206621
31
22 259606982
30 1461682097
1 461640901
48
16 D
12 1610703082
17 1915373809
45 700397543
17 670958859
42
47
9 D
46
39
14 1034336266
35
29
42 D
37 975062053
29 856207796
24 180973205
23 D
50 1579193724
3 D
45
24
29
31 D
7 D
10 D
12 884330071
33 64951431
47 D
45 769956391
48
36 1472742601
4
34 D
42
26 559226254
44
10
27 D
19
10
14
33 D
37 1218692163
31
50
29 D
26 1029284558
39 1039292793
38 D
20
34 D
34
10 D
23
26 1387331815
49
19
28 1968162189
4 1457387226
30 D
50 398871704
38
23 1532439598
13
31 D
27 2055518574
22
14 D
34
47 D
10
15
8 585336505
49 D
49 D
33
23 1195862228
8
32
50
28 D
49
24 D
41 D
4
9 90970877
30 D
26
37
34 D
24 D
9
31
14 143024559
6 1121221439
26 575387077
34
37 D
16
1 D
16 2026196984
46
22
18 2111938890
43 D
45
15 D
28 1661994856
43
18 1579531481
17 1312535556
34 D
30 1863523227
8 D
43 1875375839
27 1175161573
31 1303123608
16 1729120800
17
41
9 808264683
3 582677844
47 D
25 846157646
2
50 D
38
26 148782576
26 D
36 D
22 D
29 1170123499
47
14 D
6
24 D
50 D
10 1701717107
25 D
20 2063640326
24 1997775104
42 614278210
32 D
17 D
2 1215000878
46
10 1507681476
4 D
39
34 D
7
11 284020526
34 D
20 796402065
2
26 D
50
38 1292827241
18
17 1741843439
41 D
44 D
18 D
50 595365539
32 D
23
7 D
50
29 1363569684
47 838967763
44 893547600
4 102233571
46 943072856
46 D
48 488240366
3
39 1051478647
16 1613693936
30 1639218267
9 D
13 D
30
48
7 D
38
32 D
11
50
50 D
23 520020276
48 D
27 539713038
46 1252949427
20
42
2
17
43 478870079
39 1507705373
14 438771655
18 D
6 D
24 836874095
19 934415930
28
11
20 1798422269
15
43 1983964271
20 1341779021
42 D
14 D
48 D
11
4 959472852
4
25
18
28
43 451735677
2 D
14 846621013
32 2012316492
19
18
18 1478321049
18 1295476804
46
40 D
44 189663005
39
18
22 D
24 D
27 350684309
23
12 1066725340
12 886327722
14 1393165614
19 D
32 D
50 2099473455
8
3 D
43
30 1082218524
9 331702339
9 934910026
9 1360172140
16 D
3 D
37 1535459936
13
23 D
14
45 D
3 D
38 D
26 D
34 1665185210
19
10 276581469
32 1419858997
17
8 469916884
3 D
10
48 634897619
23 D
24
3 1498964100
47 D
17
31 D
7 D
9
39 1167781161
33
35
39
14 D
28 D
50
16 1542631915
47 D
33 D
27 D
25
40 D
28
26 D
26 D
30 D
49 1922339131
25 1523188361
3 1183505448
7 654039657
27 D
14 D
10 688731450
41 1065635431
33 62277337
23 156658868
2
37 936546677
6
24 143767129
38
4 D
8
40 129293025
24 145168599
18 1963898921
49
40 1961999296
17 1297756715
43
28
2 D
13 D
2 D
16 1860451690
22 533291550
38 D
4 D
46
4 D
16 D
15 872288263
1
32 D
24 D
45
44 770397977
31 D
33
19 173131736
13 D
49
39
35 D
16
35 D
42 D
22 114680908
12 D
34 D
14
22 1979955555
32 1783988684
10 1019841879
18 D
11 954836882
43 D
23
3
31 D
34
30 D
13
35
33 D
7 D
46 900077163
6 1809293005
35 D
45
34 D
40 D
30 D
17 D
14 1394362134
47 D
13 860041865
42 1924859936
35
24 D
14 D
33
17 1257327269
45 1911338856
36 D
37
15 958870172
37
44
27 439769465
13
34 150239528
31 192019232
8
33 D
24 D
14 D
16 D
30 D
49 1537215774
31 D
37 1047937872
42
5
2 108016722
40 D
27 D
30
38
13 D
19 1752847776
26 1045698445
44 D
11 476506954
1
2
11 1959654153
22
10
17 442320060
9 480277464
43 252732189
6 1542395725
14
22 D
10
11 D
31
37
17 191575498
19 845273903
27 1388986627
7 D
46 787907970
27 D
42
25 492027044
45
12 D
11 D
31 D
14 D
12
4 D
45 D
16
8 1201778833
49
8 1154264327
38 D
21
8 1733232836
16
48 D
35 1796974986
16 D
25 D
49 54595384
17 111193768
1
4 D
7 D
41 412020981
39
29 D
30 D
7 D
12
42 992568458
41
50
10 1956207453
6 73554349
29 1398541158
17
42 D
6 D
36 D
11 1179858014
28
39
41
21
47 D
48 D
39 227428364
28 D
11 D
49 D
19 D
31 D
21 1087781557
41 D
44
44 422510020
11
44 D
1
19 D
17
7
17 D
11 D
14 D
44 D
8 D
47 D
5 D
27
10
48
31 D
17 1818216750
12 2089323955
19 D
10 D
14 69174871
15
19
17
37 D
38
12
32
29 1593434134
12 166576691
38 D
1
41 D
48 621749487
17
4 D
21 D
10
35
4
13 663648005
50 743277996
27 D
34 434480207
42
39 D
12
34 1921165446
41
30 786168589
46 D
11 54945549
6
47 99179406
8
38
46 D
22
21
35 1119980397
15 D
46 D
37 D
1 D
4 40488762
30
3 997737110
39
37 D
5 1042479950
15 697027044
22 356789012
7
18 1033315888
17 D
28
18
7 355152823
6
17 D
32
24 2083440443
5
30 D
7
50
30 242792544
49 D
42 D
12 D
3
15 736946989
42 365357906
42 D
44 1901791445
19
25
20 13329018
5
22
17 1350234729
43 1892448073
8 D
45 D
5
37 1311443466
36 351552859
23
5
50 254977520
45
9 1492151619
18
32
38 D
4 1335851945
34
47 D
42 D
46
8 D
24 D
4
5 D
42 D
50
5
43 102512016
2 162573896
39
18
31
12 D
40
9 D
33 1131615511
15 1498428526
31 D
41 1561236078
48
32 D
19
48 1443262624
12 D
6 D
38
39 D
3 D
29 D
34
45 916833447
30 1397311212
28 D
26
16 D
20 D
11
47 D
34 D
39
12
31 1940298118
26 461905932
4 D
25 712667837
40 D
39
19 D
40 D
20 D
27 494652511
40
33
44
27 1267702631
24 1596521770
31
10 1379391724
26 98678212
34 142297873
5
20
30
23
38 1977583426
25 2000019329
22 D
11
46
38 D
22
2 D
8 D
37
30
43
5 1113669404
25 829948991
17 310665518
15
4 D
49 1137942599
24 437349911
48 D
21
22 1547917142
22 913071562
13 D
2 D
5 514588128
25 799090567
26 1642936185
34 1287105352
20 D
9 2113819995
14 1927636179
20 D
36
46
17 708042172
22 D
6
2 D
3 1200880681
32 D
11 1372400901
19 D
13
47 D
34
46 D
44 1940951090
20
3
24
28 D
45
48
25 2142218012
37
28 1777807592
50 D
29 D
12 D
46 624252774
35 18530334
38
30 481519210
3 1042741759
2 770663149
10 D
45 D
21 D
47 1139658735
25 145403648
28 2073153708
3 D
24 D
42
27 D
22 D
4
41
30
30
29 995299831
39 1203908435
31 D
33 D
5 852588887
45
26 D
5 1861342939
3
31 D
7 328092720
29
9 1734737698
8 1595137639
22
7 11264181
31
25 D
10
36 396079326
40
16
41 1675398155
21 802490538
21
37 1031023566
27 D
22 1446605467
25 D
2 1756956510
43 D
15 719040899
32 D
11
45
25 D
14
46 D
28
27 864790972
4 469837379
28
15 666760042
38 319505492
45 1398293789
18 D
7
20 D
23
7 D
22
42 722749872
25
15
33 559813501
45
40 1331872727
3
20
43
38
41
44
13
8 D
34 D
42
1 2043087519
39
22 865131519
4 D
44 1515164212
24 D
30
17
7 1343927347
13 D
22 D
19 D
46 1839254437
11
45 439555153
15 1474741215
41 386105957
30 1240876990
32 1689254881
10 D
9 D
16
26 920765639
18 D
3
27 407635270
18
45 1095070771
7 D
26 320525844
12 199658782
4 1633068508
17 D
24
24
2 D
47 1632931860
40 1263868216
38 D
43 552961637
50 D
7 D
39
2 D
33 D
41 15625997
10
24 D
16
30
27 D
48
32
21 315697175
19 2031711127
38 1944125394
39
26 D
18 D
9
8
49 D
1 D
50 D
3 D
47 127418591
21 D
13
10 D
4 D
47
7
23 881496579
6 D
40 D
24
42 D
27 D
15 1530022212
24 1767872666
15 2137362394
33
35 178705081
28
43 D
23 D
16 D
48 1552874628
40 2106605960
24 D
43 1490042148
46 1877693175
43 D
50 2113710775
2
6 D
22 413478412
13 823936748
46 D
12
38
33 D
20
30 1345203500
16
5 D
7 741738656
12 D
28 D
31 D
9
34
20 D
20 1510489581
20 1350558680
15 D
5 879259035
22
50 334819514
16 D
18 D
23 905326109
30 447628464
19 D
9
15 1749064443
41 53751593
32 1930917934
29
14 758529152
4
27 D
13 D
1
26 D
6 6207937
42
11
2 D
25
11 887600606
2 D
22
30
35 1266462570
21 4274233
43 D
16
27 168069528
22 544908057
31 1328681104
45
48 D
48 D
2 D
2
43 1537901544
19 451869786
21
37
7
35
2 D
2 D
33
4 D
15
39 D
42 2054872504
10 D
22 1292957209
19 1959632842
7
25 D
16 D
11
32 989796475
36 756182015
45 735335209
5 D
28 D
23 D
5 1967484863
10 674020328
10
29 583296075
9 D
36 D
10 D
13 1502243442
46 D
10
3 D
42 1350148585
28
20 D
15 3021831
29 1057063753
46 D
36 D
38
39 519437410
26 816771639
48 2005546793
47 D
13
4 25896737
24 2084734683
36 706172814
36
17 1278372088
4 D
28
16 2141021704
43 1077985405
41 1411127278
9
14 D
1 2007891659
11 D
5 D
39
9
40 D
48 1309165438
47
9
40
43 D
19 170235233
14
26
48
44 1566080042
8
2 1116810238
29 1254907772
15 D
38 D
29 945722771
34
29 D
48 D
14 D
41
44 D
45 389792184
14
18 514540875
7 D
27
1
42
2 1894018345
36 D
15 72364658
37 D
10 139099085
50 1079443183
3 572083464
47 1156529453
22 550257324
50 222762135
32 812754777
22
49 D
5 D
37 D
13 D
36
22 1107752001
48
21 D
7
8 1811578323
23 1215544725
36 D
36 D
30
35
43 1172814172
24
6 D
48 2011038665
28 908592407
3 1218608202
43 48783403
8 823226447
11
19
4 D
33
15 241294339
50 D
6 D
16 266383835
48 128564364
49
2 43548523
11
25
43
32
28 D
18
7 D
1
3 2475666
12 908151120
12 D
33
1 558155274
31
27
5
15 D
20
10
13
2 991950984
10
21 D
13 259604624
14 2139675721
5 D
37
30 D
28 637826619
48 D
44 443203947
30 D
20
38 486015329
50 D
46 642680854
2
30
17 454843095
12
17 D
38 104615651
16 2109700888
37 D
10 1434508258
48
8
3
21 D
22
36 1866405522
47
40 D
47 D
32 D
18 544058712
9 D
44 443493281
45
38 1475970972
15 530714163
2 D
26 102357345
20 D
21
9 984632736
7 2006959347
46
38 1742021638
24 D
10 D
48 112895385
4
5 D
35 D
23 D
41
48
31 1546967334
41 1300931362
21 D
36 520458188
50
23
49 717682669
39 D
36 D
20
10 205853389
6
50 1281034029
45
3
10
46 2118170992
24
45
1 1042523621
22
46 1333738056
43 2081513768
20
8 D
10 893112123
13 1260271874
39 2022523955
42 1241324342
26 460881252
38 287674277
29
32 139507438
22 1333495448
5
19
9 D
48 1785020630
39 87518354
40 D
23 2098225658
47 644529589
5 D
15
16
11 D
14 824942972
20 D
35 D
3 1660453263
22 2051030655
40 D
24 D
5 982691702
29 1226055418
9 D
11
29
40
22
25 496027739
2 D
24
11
44 1789669131
37 D
1 330904518
1 D
20
18
20 D
9 D
9 D
13
18
12 2045726604
6 2134184291
40
46 116805513
49 D
4 842842649
15 D
38
42 D
14 646905515
6 734295391
43
49 1328965393
15
49 490184583
27 D
20
3 D
32
27
35 1885096913
39 2137675848
1 238078751
21 1071307196
34 D
47
49 D
17
38
42
18 1909700973
12 D
15 1858356463
29 1635584044
44
48
8
25 647471615
5
23 1889905047
46
21
13 1719537951
5 756637352
16
49
19 101421871
4
17 D
20
6
13 D
50 454256059
23 D
5 D
13 D
31 741591171
31
11 1764164316
39
40 573804758
17 319705811
30 1218321133
43 777645564
20
20
33 D
16 1461236539
39 353959282
10 1113651642
24 2087807977
29 911264673
16 1011173489
22 D
31 1628514856
10
50 D
21 1058814382
25 D
7 D
45 442781149
23 996347313
20 D
37
16 D
48 D
11
38
5
41 169004438
25
46 D
43 D
17 D
37 1138633086
25 D
28 1773655968
34 1200806634
14 D
18 D
37 2088235567
9
40
9 D
39
27 D
44 702879984
15 D
12 D
35 D
38
9 812484542
26 D
2 D
48
6
1
15
20
49 391091487
44 D
38 D
23 1046909023
25
20 1744241758
37 2132429903
20 D
20
42
4 D
18
16
1 425079676
15 D
32 830421567
45 1183213848
40 634933730
35 D
14
16
32 D
40
27
39
26
34 1373554423
50 1722615868
23
43 2052591233
29 877520721
17 2130018736
31 D
17
27 1620707980
42 433349456
1 D
35 D
1 D
47
44
3
28
13
7
28 1377511856
28
21 1977721214
32 D
19
30 925262867
30 D
19
30 D
4 171168638
34 D
2 D
45
23 502318984
33 D
4 177705824
16 D
35 D
15 1494499244
15
29
31
31 1984931664
2
16
1 1939786009
40 989149983
48
4
39 203168756
26 451049493
27 D
32 D
21 D
24 D
11 56661127
46 D
29 D
18 D
20 D
10 D
6
30 D
17 600510742
20 1201932409
22 D
22 D
26 D
31 1072070232
50 D
2 D
37 120855617
32 1979083617
5
23
36 D
24 D
2
43 D
16 D
26 D
36
47
33 1022129604
35 D
20 348917167
15 D
43
16 868651657
45
26
43 1450745426
49 D
10
48 D
30 1941443578
31 1693448067
26 D
8 158927101
6 2097700291
30
15 1065333042
30 D
37 D
11 540323635
27 D
39 D
2
47 69306754
24
4
50
45
1 D
5 D
16
42 2023921255
10 D
18
6 D
3
1 1375499357
33 1565785997
29
31 1191458548
15 D
16
5 D
23
46 1054059244
3 D
2 1645849710
30 1977320145
17
36 395326329
5
20 581863966
19 1607057865
5 D
37 1273019174
6
6
41
17
23
43 D
24 D
16 61085467
10 D
20
31 1446046581
26
17
29
3 D
4
4 D
37 D
9 D
11 D
43 9301641
22 1819237636
32 525184587
22
28 D
4
8 D
14
25 947929912
23 1514043805
45 418190192
15
8 505637661
6
16
4 D
21 808752484
44 D
49 D
39 301669802
19 D
49 345775301
36 D
39 1383091620
21 D
13 D
28 D
41 1543910342
30 422969921
44 D
38 1097895719
45 112177026
4
46 1201150726
23 1506747099
10
30
16
45 D
30 2012113151
10 1695330483
47 D
9
1 D
50 1295667349
10 D
10
46 482527785
10 637324788
30
11
37
40 1431998448
29
15 1147230959
27 1405561458
24 D
19
22 D
19 1467300883
6 D
32
49 1478462279
1
48 185582284
6 D
25 D
47 D
34
41 D
44 234770723
29 D
40
48
35 D
36
20 D
39 D
35
41 398511638
46
26 D
34 D
20
11
37 D
50
29 D
10
10
22 D
14
7
29 2118808825
22 1015133336
45
11 D
13 1933963988
38 195764610
37 D
48 D
42 D
29 124363908
39 1283915044
36 1707484676
17
39
27
15 1244602913
34 D
4 D
16
50
35 D
38 D
9 19714975
35
22 D
29 D
30 D
4
19
31 161992203
22 1138161752
40
48
40
2 D
28 D
45
35 947522904
16 D
46 D
3 31163511
47
46 498083190
3 1460591780
33 D
34
44
46 D
10 D
32 D
2 1639181304
42 D
42 557302160
43 D
8 1119185747
4
1 D
47 D
15
48 1288497517
25 1746392403
15
36
31
44 643860256
48 1870173093
40 558922104
47 2015636896
38 D
1
43 1029089530
29 1307471189
8
41 D
47 1038719431
11
12 D
25 D
37 1701384964
27 D
44 1778200279
46 D
29
30 1821312338
34 D
49
37 1370260192
31 D
31 D
5 1636483511
44
35 1914520772
26 D
20 1549315298
5 474105074
2 1534480633
47
37 D
20
13 D
33 429228275
16 1701435473
5 776037008
14 1912440834
40 D
42 7026683
15
27 D
15 81786552
17 197208770
10 296378837
49 D
43 463627890
25
38 1076150676
37 147949489
8 1058663057
8 D
14
11 D
22 626014515
15 D
47 1703811062
7
21 D
34 D
7
34
11
38 D
43
19
30
49
29 1524330906
37
27 D
39 1574116458
26 D
18
17 369736997
27
20
14
31 1826492370
24 939263620
30 D
24 121391859
45
3 D
34 D
49 1772936782
49
36 D
25 D
8
29 D
37 537922889
5 1944074389
13 D
18 D
44
16 D
21 D
50 D
20 D
7 D
20 D
47 1292927080
49 D
44 161840029
16 1030223884
5 D
32
48
45 1844604959
25 495030677
14 704442855
27
46
14 432217963
48 898623440
21 D
46
11 D
20 D
27 468754919
20 D
19
50 1126700247
45 32058629
8 285174208
44
9 D
47
18 1005369730
47 1423892987
10
33
17 D
24
21
35
1
26
1
39 16550643
38 218664320
49 D
36 1493211037
15 681197630
48 D
44
28 1441058325
45 663497016
7
16
19
25
9 D
35 1285301968
8 1429694381
8 2037257365
48
41 517101627
41 116971703
19 995624695
18 D
46 D
33 1254853423
3 235263950
43 D
5 1038963505
12 D
26
11 1241686987
1 D
44 188484922
27 1495636292
41 D
23 1694607186
1
38 D
12 D
42
37 1817150479
25 3334749
31 D
26 1026558479
14
1 D
16 D
3 D
10 1246873844
5
1 D
40 D
11 D
28 1125834086
36
16
13 D
34 D
13 D
35 D
25 D
48
28 D
29 756944267
36
22
24 D
35 1423851657
47 382410216
21 D
5 D
27 D
40 560881213
8 821617986
30 1569467176
36 600215299
49 D
24 D
11
19 D
46 D
39 D
3 D
9
34 D
36 610087582
3 101718484
35
1
50 D
4 D
50
39 D
25 1860525606
48 D
20 D
9 2134530742
6
30 1567890798
47
13 1564108180
46 375399382
26 D
14 D
14 D
38 479416112
21
26 1719449897
5
36 1028699802
6 1398994097
11 710876602
49 179792478
18 D
43
4 1998180051
36
13 1003836256
49 D
40 1723484240
50 D
7 1421038533
43
39 1000766723
1 D
22 D
42 777322630
23 1375370130
8 D
1 1700279733
18
24 971556651
33 D
15
45 D
3 D
2 D
16 D
28 D
10 D
12 D
38 300092826
1 D
13 529392248
20
24
9
26
42 858328143
31 730875728
19 D
21 205175332
48
42
31
6
33 656578332
33 D
25 100704788
23 D
16 1770368256
6
8 D
37 1215903986
39 911843163
11 13775289
24 D
4
25 157460662
6 D
9 1938256182
36
19
38
31 D
25 D
47
5 D
3
36 695937155
46 845856741
25
27 1050360024
3 938109335
16 708567193
18
14 D
37 849579781
14
43 D
36 D
10 499277964
43 D
29
22 1737605489
22 D
17 D
34
13 197808920
36 405690707
26 969190032
17
14
22
26 D
45 1942496142
14
36 D
6 1156334812
25
14 1131008861
46 D
44
9 D
33
9 174053652
43
22 154011289
27 D
7 1759942444
39 D
13
15 1963111679
16 D
45 D
16 1006396587
24 143429317
34 558639191
49
24 1401017348
10 D
20 D
14
13 1606222338
24
35 D
48
7 D
43
26 D
8 1984807420
32 563834549
16 989446900
34 D
13 96644309
42 838136021
16
2 D
16
3
43 701740954
13
50
2 D
47 960965412
19 549995990
4
21 D
49
8 D
16 D
39
19 D
9 346265040
39
46
22 D
19 D
37 D
25 2000941563
20 417782912
32 1613695903
21 D
42
31 91315835
17
30
20
33 2119577141
14 D
5 D
50 1954311226
31 D
39 1936309935
47 996412297
38
50
50 D
5
49
40 D
31
18 D
18
45 1222435572
14 1950737192
33 D
18 D
15 2136507020
3 D
3 D
30 D
37
21 D
19
16
3 D
33
9 1513298040
9
24 738700760
39
12 D
24
25
5 1023673766
24 D
38 D
7
48 1521900205
27
11
45 D
36 2034016446
26 1300800568
31 2068766023
5
39 D
16
24 D
33 D
8
48 D
48 D
4 20548277
16 1289485134
5
23 D
3
7 D
36 884623774
49
36
20
27 1546831216
43
33 D
31 D
40
12 1714609410
5 D
49 1212287630
21
45 D
40 739588719
32 437911510
48
5 1754604789
24 D
22
5 1175915660
3 D
15
44 1197913594
45
37
2
11 11694567
43 240197864
16
8
14
49 778208989
36 17756457
30 32207985
21 D
28 1341442391
3 D
36 1533679594
38
14 D
5 D
20 D
43 1859322562
22 D
9 D
37
9
20
43 913869368
6
16
26
12
27 2077811379
50
6 1023736560
45
27 1779073969
23 D
48
44 1128911161
37 D
39 D
44
45 1152020506
42 D
23
24
43 D
45
50
34
15 D
25 927446545
32 D
46 1879980908
35
31
8 D
41 1140271166
18 1861079421
19
48
2 1523490066
23 D
13 D
2 1104954328
32
48 D
6 D
28 1891667345
5
37
24
46 724046815
26
21 D
35 D
16 1768566461
10 1289255753
6 1932447740
43
6
6
27 1641246707
8 711688497
15
13
5 D
4 D
6 D
38 424347766
31 D
5 D
42 D
33 1076103809
38 1654774055
10 D
33
20 21510494
20 1604488654
10 D
9 282901793
2 D
50 1792582989
46
27
3 D
5 539503404
44 1207271853
27 2083106683
26 400983118
21
45 D
48 1714633214
11 533019770
13 2002464526
6 2100349609
46 884871985
38
39 D
16
17
2 1738252684
40
24 1440574338
18 1188622485
15 1833215318
39
18
32 D
13 2146881247
46 487914691
2 D
26
36 194171706
41
19
18 1957683932
40
32 369403529
5 D
2 D
18 2083305493
49
35 D
10 D
28 D
18 1547350
7 1027238208
15 1999479514
13
6 2086541735
15 111189392
2 D
50
21
38 D
49
47
48 D
49 52116130
39 1058818407
7
50 D
30 2090098188
17
30
38 D
30 1024004155
10 D
19
18 D
2 37928872
6 D
25
33
15 187267382
1 2026049647
5 D
23
11
20 D
42
1 D
42
18 292610936
19
36 D
3
18
5
39 1258442605
2 D
2 D
4 2127652030
3
15
26 D
43
45
50
11 1776668665
40
37
18 D
5
6 D
42 D
38
35
28 D
36 D
35 106993285
42 1327991107
34 21883705
18
30
34
24
7 D
1 958340726
18
7 1871465660
2 1446782883
24
44 233394621
11
40 D
45
41 D
39
45 D
7 D
8
21 1606565322
12
38 276020630
31 D
50 D
27
16 D
3 D
8 250965939
27 1030730465
48 D
19 D
40 65147517
28 D
4
3
46 2035058956
13
47 D
35
18
3 185751520
38 D
49
2 522470104
15 D
12 D
9
50
37
12
24
44
24
11 1816088963
49
35
49 1221118502
25 1218751312
5 1129524056
1 989249049
9 D
31 2109671877
30
45 738429937
33
16 59870455
47 D
31 1589533697
43 D
26 D
24 D
21 D
40
32
20 D
16 D
11 191751965
26 D
6
6 D
21 D
29 2073995228
36 D
19 1408406437
8 D
46 1049434370
23 D
30
14
31
31 1414634236
50 D
15 D
33 390199508
10
4
21 D
31 D
1 D
22
22 1780902429
21
33
14 1013284152
24 1059365838
20 D
41
43 D
38 D
8 1416494151
21 1449771202
38 1894818887
3 D
12
16
18 D
46 843722936
31 D
34
47 D
20 D
19
28 D
15 D
11 2134571829
18 D
38 D
3
4
28 1969777190
8
4 D
41
11 2028011888
46 D
41 D
5 1218765831
48
9
18 D
12 D
48 628837407
39 208074617
43 D
18
35
18 D
29 D
50 133923396
42 D
48 D
5
23
3 1302119844
18 D
3
23
1
7
23 207231490
38 1033339734
22 737273968
32
6 1583455984
2 D
29 478401490
28 255036173
14 1466742202
48 D
36 1742054104
7
9
24 661441097
23 1216308803
42 1694198458
22 D
29
28
48
9 D
6 1701726766
47 311563703
12 1478887687
48 D
1
20
2 2086014528
9 D
33 D
11 D
4 D
40
16 767187081
22 D
45 D
48
20 1936573129
6 704006893
30 D
46 612388629
4 1773371595
50 933572859
37 D
7 D
48
14 D
43 1426706070
24 1848832992
12 D
8 D
7 220069372
4 1773723090
45 D
23 36126
11
44
49
7 D
17
40 223815939
34 D
24 D
34 230217730
15
47 288035323
48
5 D
8 619701791
6
41
13
22 685863458
34
39 1374131039
47
46 565301131
3 632630968
28 D
43 1585127522
29 1216954424
2 D
13 1800244740
29
30 119772638
50 D
45
14
30 1480264135
38 1021812554
16 1775464507
38
39 759198101
9
2 D
30 D
31 1671953138
45 D
2 627118725
2
12
13 D
9
29 D
7
4
11
24
2 401416423
50 D
20 D
11
35 D
20
36 D
42 77555441
29 D
14 399109051
50
9 1030912410
35 D
35 238831580
27 45924950
17
44 16403216
49
21 2122326022
48 1365763040
19
5
2
38
11
5 1574645363
47 45270326
5 D
6
38 D
27 872826583
37
11 49623084
26 D
12 D
37 2102030153
1
33 D
49 1110262507
3 D
14
36 517281148
43
8
22 1283319821
4 D
6
9
49 697407808
43
12 D
44
50 D
22 1621206228
39 D
16 D
5 D
49
8 1874846264
32 D
27 1851629084
13
47
4 D
36 1463180464
25 1277188472
49 636700601
43 D
11 406666085
45
36 2127450321
11 D
28
32 D
7
9 1562949073
33 D
24 D
28
19 D
36 1031531697
39
32 D
12
25
25
30
5
19
22 D
2
48 869818435
49 D
18 D
48
23 1380656462
44 7796686
26 D
26 1704030307
23 661312014
27 D
34 594953556
7
4 2095575412
45 D
36 D
45 D
11 D
16
6 D
43
36
33 D
45
29
14 1497948183
2 D
14
3 D
29
47 D
15
39
5 403838338
44
7 D
24
5 D
45 D
25 D
40 1258149933
34
42
46 D
18 2019242204
22
47 65511716
2 1987473728
24
45 D
21 D
5 359828221
5
26
4 989477957
4 1232982861
47 D
1 1103381392
18
27 D
34 D
37 D
41 D
11
44 D
26 D
33
36
4
31
32
35 942406356
10
29
49 D
26 1557985768
4
42 D
24
36 D
38 D
4
20 D
14 D
27 D
25 D
5 D
45
50 182990023
8
12 D
42
49 880445021
29
31 D
6
22 D
26 1756523781
20 D
11 1163311604
17
24 1238086572
30 D
18
6 1487204053
34 D
6 1701803002
6 D
28
18 1717303453
15 1272093168
19
23
44
27
10 D
41
34
21 D
46 396370838
45 1203239324
10 1605185596
1 D
43
15 329205793
38 1656562035
37 944280212
22 2033173234
12 D
34 D
7
1 D
10 596878338
14 1449647882
20 D
45 D
1
22 D
21 D
31 501551438
40 D
34 1649508733
37 D
32 753134043
23 D
32 399750486
15 630308028
10
36 D
5 D
22 1587373309
22
34 1163133599
2 1487433680
14 1784043723
25 1258801807
29 2012186082
8
24 D
42
17 2045364836
32
10
39 D
3
42 D
3
10 358378774
27 1012086646
32 1970942701
33
47 D
39 1946039450
31
1 D
6 1448259282
30 D
43 1442546467
31 1929317926
1 2133826756
23 D
12 1969047131
47
28 840235557
37 D
1
40 D
6 1789707436
31 1375810418
31 D
5 1180891060
39 D
25 1649399248
48
11 757249955
22
15
38 D
23
28 D
6 90455515
26 D
35 D
34
35
35 D
46
37
40 524347352
37 D
45 D
45 1930419313
47 1063534626
28 D
23 D
48 D
24 D
7 277955703
44 D
8
14 D
21
11
7 708132578
4
32 1947284279
25 462002299
13 D
30 749081877
14 363424326
35 D
14 1578376933
42 D
29
35 D
24
1
42
30 1507688861
46 1447836812
24 D
44 D
23
4
21
50 1919104047
3 1048474774
10 D
9 1697164676
1 1768306004
15 D
5 297868625
34 641068189
11 D
24 1615090835
5 1918449792
36
9
34
41 D
20
8 1934566564
47
3 D
39 D
43 D
41 939246272
40 1756287224
41 1527246978
9 D
31 D
25 D
28
14
26
23 D
49
9
3 91628297
17
7
40 2002178961
10
34
25 100651682
2
38 D
16 1000876267
47 1708617729
49 130497809
14 D
49 D
50
7 D
25
32 D
8 D
15 1970071133
17 D
25 D
11
32
18 1049382998
9
41
17
18 148568916
8
13
37 362188757
9 D
23 583673715
20 734929814
2 591371314
19
19 2144428373
47
10 909454348
49 328056220
33 854472939
10 D
9 D
13
27
8 748736823
50 D
32 D
16 1013854903
22 D
41
7
7
26 248590146
40 1694413430
38 D
42
49 1804843926
25 1737792332
29
19
2 293338302
40
6 1845717851
29
25
41 D
27
23 186876957
44 700570378
50
31
35 362841082
43 D
48 D
39 94143846
13 1539280388
20 D
19 1969651501
42
33 1110439472
4
13
33 D
25
39 D
38 1532268300
42
39
43 D
36
20 D
33 D
41 D
38 D
15 D
13 1454022150
1 D
14 D
24
37 D
49 1716046676
7
36
13
35 1476343967
16
23
38 1685251258
38 2000224314
44 1096586250
11 1219104124
19 455744194
25 439733068
12
3 D
24 1871826170
15
29
46 1170409791
22 D
1 938515184
28 D
8 1796223690
44 744844204
2 D
24 D
10
17
35 363146858
48 1867860837
33 D
10
38
33 845595736
17 1706128533
15
19 2084171962
36
20
9
5 D
33
9
5 903019012
20 D
46
8 D
19 1869288107
40 D
14 509974696
8 D
28 490219083
10
5 D
22 1169470409
31
35
24
14 1584919517
19 1575005761
47 1616279362
10 D
12
11 1496510532
7 D
42 1486135086
19 D
41
24 D
41
21
18
27
32 D
49
1 D
30
33
38 1211766380
44 463695564
11
27 D
25
16 740939038
37
16 1051615078
1 223076118
22
18 D
9 297245575
9
21 348434958
12 D
15 2056972900
5 D
6 1978349725
17 57630352
8
3
18 1327118466
49 618409559
4 1611197360
20
13 D
48 D
14 1430276560
17 473342274
35
48
10
12 465508596
48 362484978
32 337847593
24 1748405612
13 D
15
48 1253530610
3
29 D
20
38
23 493871415
10
1 D
50 1725899598
13
31 1658411687
7 1915244983
43 D
23
36 D
2 1204018298
2 D
50 467680560
31 D
9 1484395357
15 D
7
49 288172820
2 D
15 D
39 D
1 D
1
35 D
38 1335387036
38
31 D
33
11 D
37 61477338
3 D
13
32 D
33 2027930586
8 261246851
46 822966167
6 D
15 D
14 2116277927
2 D
38 D
15 D
31 D
26 1955450307
15 D
44 D
40
36 448901688
4
17 D
41 23963788
8 1131227174
33
49 1893048602
18 D
35 1197143217
45 D
3 1908198456
11 1569291745
2
50 D
3 D
35 1098662425
37
14
28 D
49
24
36 D
17 D
15 2102755318
35 D
10 1788207640
25 699558006
28 D
33 1925563928
30
39 516095381
49
37 2058662157
22 157525481
4 D
29 D
9 1717716129
42
41 D
15 142906704
4
22 D
9
46 871320738
24
14 D
24
7 D
10 1952267321
39 1260691376
25 D
31
18
41
44 D
9
16 D
3 207972110
47 D
33 D
35 D
33
26 D
19 D
1 D
49 D
14 D
20 D
5 D
15
9
18
40 457070801
7 D
8 D
6
19
19 D
12
23 D
37 643835178
16 1542439864
31
41 D
50 521503693
24 D
18 D
48 D
7 D
49 D
47 428390130
50 D
50
46 1463237390
33 D
34 1404645293
12 1506654609
4 755978286
26
27 D
9 D
2
2
39 D
47
14
6
34 D
23 D
7 190342941
44 1281676449
27 381759090
9
17 552055422
33 214389394
44 D
43
35 1796869546
47 D
22 D
25 D
42
36 1320255321
9
32
17 1095885561
29 1301563007
31
23
43
35 D
34 D
22 D
47 D
23 1586646021
41 D
7
20 D
26
19
13
11
6 1988895294
32 928254611
11
44 D
46
4 D
28 15294582
42 1620067573
26
14 D
39
47 679666278
34 D
25
23 D
16
8
14
16 1712649288
47 702388902
39
4
3
2 138040501
50 D
46 1930882183
32
6 D
4 834056421
1 1912638456
46
10
32 D
28
4 D
10 1267976031
23
20 D
37
36 D
38 D
15
41
15 1746751263
26
42 D
46 1730260684
35
7 D
9 1880546979
38
47 613261476
37 1648475711
7
14
14 585407046
10 D
30 1654684638
34 D
20 D
50 D
32
39 1809375858
13
3 D
18 1629249919
4 2118514258
25 D
23
13
7 638700824
10 188405937
25
13
32 D
45
1
46 161564620
40 D
34 D
34
34 1511540326
20 D
21 785218741
37
40 D
49
15
45 415071636
8
29 D
28 D
25 D
31
11 D
21
21 D
43
3 43669578
15 D
39 D
29 1501972109
18 999474445
36 D
30
49 1952291378
48 381042715
15 165916393
9
37 1851653182
14 D
5 D
15 D
43 1402785948
18
1
32 D
14 2087140420
13 228675442
47 D
24 1937694010
48
18 1766361750
37 D
41 2108847831
34
17 D
4
31 D
4
14 704755850
31 D
38 D
44 882550995
18
13 D
27 1984975171
10
16 D
44 1491665194
38
5
13
11 886580767
49 1266343084
16
26 1249100814
10
35
49
30 D
7 1887253342
28 1385120181
20 1729304348
27 152652815
20 D
29 218280682
1
42 1300100722
28
9 1285316874
47 D
19 D
34 435872463
4
32
28 1032735879
3 27009778
39 1234461782
46 D
24 1607997455
20 1841288232
1
18 D
10 D
11 D
48 959088273
48 1353616210
44 203591075
25
48 1610945
32 132933030
38 150214086
12
25 2016807455
43
30 D
5 D
8 1853878925
32 D
5 771007005
25 290669396
42
5
47 879952757
11 1553612151
41
4 D
23
22 1948208465
26
38
23
28 2057303775
45
34 D
46 D
37 1978663581
49 D
22
9
3 D
7 2062686187
46
28
27 D
8
25 890510763
41
3 1288320041
12 D
14 D
34 D
44 1350148011
19 D
37 997991550
48 567389658
1 D
1
28 784260581
31
37 270393619
46 D
21
2
7 D
7 387906431
44 1534029195
4 1189451858
10 D
6 2084089070
6 1571449856
38 D
4 57544036
8 D
3
46 D
11
32 269400582
21 D
28 D
47
1 D
44
25 D
4 1400425529
12
22 1066687001
7
9
6
48 1519638957
23 D
13 D
32 294949966
38 D
33 891497296
18 313854516
38
2 D
2
25 1163589447
7
25
40 490918496
20
11
18 1787089757
21
42
47
7 407064480
7 D
41 675886618
34 D
37
34 D
44
22 1940431385
27 487523908
7 801339522
27 D
33
36
34 987061897
29 1109784584
2
17 D
49 253434175
7
34
47 D
30 1095674018
21
11
38 1519702996
33
30 1100708345
14 570147241
26 654319596
29 1188631052
26 1068731640
27
19 1320103196
27 D
33 922180668
48 117531263
22 497588354
6 D
49 806236565
11
25 2051133183
7
16 1658568084
26
26 850664854
33 D
38 1547816004
38 D
31
10 D
28
20
46
38
44
6 1664249485
23 219023836
15 700456152
14 1637804185
50
33
28
31
11
42 280944043
36 1557753497
36
30 1378296923
33 D
20 448897883
27 315966929
19
21
39 1781597728
44
23
8
43 D
43 1950476087
9 1216424876
27
17 1503161800
14 1549200354
50
16 542731046
6 870944615
2
23 D
31
24 538208002
33 982204056
4 D
43
17
15
10
46 1300863577
48 901965369
21 D
36 D
9 2937490
26 474119282
42 2126600329
37 1421821998
15 252139360
23 2073282624
35
42 D
8
27 120530445
14
3
32 D
15 D
40
20 1982027367
28 D
50 D
14 628879809
43
25 D
49
15
5
18
8 977879252
3 880860151
4 1213410886
14 D
15 1235465651
28 426916304
41 1019325313
42 1908910046
4
1 1394927536
36 D
48
42 1010516120
25 D
45 D
46 D
24 D
8 134910219
36
45
16 D
25 1942929863
16
28
40 D
6 1867783237
18 1212858225
29
34 D
44
44
48
30 1112086160
31 562475700
45
25
11 D
20 1845694573
48 D
4
15 D
31
16 D
17
19
47
21
1
18 D
18 D
10 1254976195
8 727468939
5
14 D
31
15 2050769150
30
15 2082408616
5 D
10 D
28 822562583
46 D
42 993106796
9 2046087441
15 D
9
4
8 1469351157
10 D
21 D
20 1844175042
1
47 D
6
10 1715165929
17 D
26 684207262
20
22 559980882
47 D
6 D
38
35
22 480799130
14 D
41
26 293146751
20 D
21 1914311993
29 D
22 994943309
40 1804309395
1 79502544
35 757348616
20
26 D
12 1939207699
16 D
44 1517702839
31
7 D
28 696236490
34 476730230
25 1330069671
25
6 1863048089
22 D
36
34 D
36
40
50 D
16 1877788584
1
43 D
29
37 D
25
19 1986314212
47
28 1345620704
38 1773016226
25
7 647601166
12 D
1
10
27 D
15 D
14
34 946397948
24 644649827
23
43 D
25
38 D
21
26
1 D
40
21
15 D
19
31
8
21
40
13 D
43 D
15 D
30
14 D
34 273873170
2 D
19 D
17
28 D
39 D
46 1780378185
45 1100258191
16
37 D
34 D
19
13 D
45 1007915072
30 1903663884
37 1953144469
23 D
15 D
48
40 2143653023
6
6 D
2
6 D
47 D
4 D
41 2034122377
5
24
41
21 D
21
10 1515294510
49
26 D
15 D
13 1875919905
3 569109988
18 1287041993
32 1555305491
14
21
9 106538237
37
22 D
21
11 752694201
32
32 D
30
46 1483636129
23
13 D
15 753919716
5
45
21
48 1620455404
44 D
8 274773192
33 D
42 D
8 D
38 1074577640
29
45 D
36
46 1988127126
46 D
48 1732634431
48 D
10 D
18 391622415
31 106317016
11
29
5
27 D
26 D
26 1480714302
16 D
15 D
26 D
27 871163423
1 D
46
37 380511202
15 D
50 126928717
38 1364743160
31 514505328
47
25 398713578
2 2128275076
16 373780019
43 1124372734
11 896408116
42 D
40 1711713052
10
15 D
18 1606661887
20
45
12 D
17
2 1135990544
33 D
43 D
50 1834566372
26
30
25
11 450620480
22 1850519850
42 D
1 D
8 124198316
48
7 D
9 D
13
4 290384445
18 1845504084
23 D
27 219819988
33
49
36
26 D
37 1596708889
46 D
44
29
3
41
9 1617874327
15 870786871
9
35
18 320406067
17 D
10 D
6 1807142687
25
45
23
39 808349213
23
17 D
19 1821385155
5 D
14 607005361
4
19 244825474
39 D
31 2007191606
30 2022061274
20
12 1091071928
15 1960289351
32 695714372
35 D
50
43 D
24 861423019
16 1592791148
11 540737035
26 D
12 D
22 1166102355
13
22
17
44 659704504
4
46 D
4
9
42 1681228654
28
7
46 1141369443
36 D
23 D
24 40682139
34 D
19 D
4 1853535713
8 871959699
5 775184127
26 619619602
8 D
18
20
50
7
37 D
13 D
9 D
47 D
29
5 1230903758
13 895412608
28 111530746
16 63003810
49 483660065
44 D
4 D
21
34
2 D
37 888157904
39 D
40 134248029
25
50 D
16 D
31 1965706197
37
6 2097196421
33 40486024
26 D
4 D
30 D
37 310623415
5 D
39 1557946787
22
6 D
5 D
13 296892038
18 42696346
3 1224284003
4
32
5 1753086801
35 D
43
1 1940203995
26
49
23 1084173752
20
6 118909510
8
38 D
48 D
24
46
20 469684622
28
25 257917119
17 816288623
32
17 D
12 1017611464
43 1683876422
27
36
26 D
18 1374631435
26
11 D
37
38 727609039
38 D
38 D
36 D
31 D
38
26 D
10 D
2 1871454795
6 D
45 551387981
50
20 D
50
9 2120131970
24
28 D
24
39
37
24
8 1343462054
29 D
8
45
42 D
48 D
34 641263644
39
8
27 D
2
29 D
35 D
16 D
41 1467257225
18
33
16 D
35 1035582470
5 D
31 1812787466
17 D
35
26 1159646441
24 1883929757
25 D
36
46 996379225
49 857891308
14
8
22 930261386
22 D
47 1125689759
19
48 D
4 D
8 D
8 507961905
35 867809183
8 D
46 421548864
34 D
42 D
44 57489717
47 D
13 D
1 D
7 D
25
37
42 D
43
18 1980121144
12 1973336585
31 734675058
35
46 D
35
27 1483761169
32 211896818
12 D
35 1222436966
27 D
11 831330885
13
5 D
20
42 D
10 2051197098
30 D
48 D
50 D
37 413649221
46 2004331646
39
28 1054992303
28 D
17 467070852
28 D
3 D
7 5734355
44 D
47 D
33 D
8 D
50 D
45 D
3 D
5 D
36 1236732871
39 1724387841
42 D
44
19 1391835200
28
41
3
16 1746469381
28 1319163081
18 1617225056
9 D
31 1969667540
45
40 317185958
16
25
19
13
49 D
34 D
18
8 D
43 D
35 829241884
35 814223284
28 46210725
47 D
48
37 670554633
35 222209358
4 D
19
21
20 1765025071
9 D
12
29
46
4 913515533
4
38 1831169539
28
21 D
6 D
36 832259184
35 D
35
2
19
48 D
36 D
44
7
45
31 D
5 577597734
5
38 594404109
19 D
1
45 945637546
16 D
50 1102059178
17 1936701796
18 1346143166
10 D
1 1077364740
28 1937247468
39 D
34 D
18
9 D
47 1985056813
29 D
28 289727707
19 D
2 927752114
50 138925039
34 D
40
2 364563224
39 D
14
25 181311855
16 D
32 D
5 2131784124
24
19 D
8 D
28
44
50 D
47 D
17
23 1313609117
7
6 2086835355
34
30 592969052
41 D
35 2022401247
1
33 804541499
24 D
41 D
27 D
43 D
46 1996114704
15 707810927
43 D
22 1131069609
19 D
23 D
8 1907771166
34 1879158874
19 D
42
21 386290302
32
22 D
48
13 1616198950
30 D
50
23
3
39
9 896380312
10 39901476
43 1989595755
34 D
28
18 D
35
42 1458771310
15 98511034
11 D
6
32 1004565510
36 1319276327
43 249577824
9 1587563895
31
44
32 D
16 298828058
36
12
50
5 1381794002
48
38 1152911236
44
21 D
22
18 D
38 1453500109
6 854092313
12
43 492472883
46
39
41
50 2098149722
46 1218462322
10 D
43 117605730
33 1167607216
14 D
35
34
43 920405416
37 D
29
28 D
39 D
19 D
24 1829540740
35 D
31 D
22
23 D
25 D
15 1191260164
6 674138673
2 D
39 2011782773
13 D
36 2022872045
4 1328174415
9 289088237
8 D
17 D
30 D
6 D
43
10
31 1701312090
46 D
40 D
25
45 D
8 468118967
6 D
37 D
17 D
37 D
26 D
22 D
1 2044584329
45 D
41
15
46 653680511
14
30 D
46 1617752614
24 423341051
17 1903176131
44 D
25
18
29 988907627
5 D
49 472626127
10 D
5
22 D
29
20 1925538208
31 D
41 1936494656
48 1895114072
19 1060592130
41
17 D
14
20 D
13 D
29
24 D
28 D
32 D
38 D
12 D
40
11 D
33 D
41
39 424618574
13
38
48
12 443625563
7
38 1620090365
29 352062575
11 D
33 2033468390
25 287663690
50 D
42 1361500146
48 1277064190
12 1764158749
46
19
42
34
37
8 D
9 426887928
36 659353695
24
22
21 D
41 151667594
50 575609269
7
22 1191091182
13
4 D
40 D
42
27 D
50
33 D
18
48 D
22 D
24 D
46
8 D
12 1299499136
15 D
22 D
18
4
35 1999312209
20 290895476
43 D
19 D
23 D
1 738521451
27 117882532
18 70826937
45 1836254297
44 D
8 D
11 D
49
49
22 1393172334
2
35 D
14 D
21 D
27 D
23 1310572215
38
32 D
30 D
17 D
43 D
47
50 562647169
50
19 1308345837
49
24
17 D
17 D
41
37 D
7 1295837320
41 D
36
30 D
23 D
28
14 D
47 D
17 749969417
50 D
4 788975890
21
30 2132791228
3 77037235
36
27
20
28 670027175
17 1254247160
28
22 D
17 1428906566
42
19 D
10 D
48 D
3 D
50
21 1478167678
18 586716599
8 1720179235
30 D
43
14 242791001
10 1921997700
45 1157865711
33
26 758675623
40
39 277660519
12 1265550631
19 D
7 D
16 D
19 D
29 D
40
2 2064249049
27 1069741328
4 D
22
40 D
8
27 D
39 D
3
19 1413548894
31 648455315
39 D
17 1535742515
35 D
39
36 961306803
46
35
13 926657558
14 2094830822
25 811095692
26
38 1025960923
22 1267997704
50
30
12 D
43 D
32
22 D
14 1398911926
18
5
39 412171282
12
4 D
30 D
43
10
13 D
12 80530090
10
25 1039108786
33
5 D
25 891570632
40 D
5
8 D
13 D
21
31
1
41
1
35 1775517785
15
12 D
47 1846166644
29
26
6
17
30
8
5
49 D
38 1778997683
29 D
26 D
47 2105243530
14 1015171484
11
45
5 D
47 D
2
12 676215149
41 D
43
40 D
23 2093923044
27 1835096831
25 623552708
3
25 D
25 D
33
10
19 D
17 D
45 361388179
28
34
12 747101002
41
22 D
49
11 670231271
24
34 D
18
45
21 D
27 1880906216
1 18314506
13 D
7 174501715
26 D
41
17 192852242
22 D
28 D
34 D
11
26
31
23 1198646481
27
9
14 D
21
7
46 1695362440
11
46
26
5
23 7309319
20
49 1793763766
38 D
21 D
38 D
40
30 D
13 1866495343
36
32
20 D
12 1583824526
32 D
11 D
11 1402033728
37 D
11
2 D
46 1957889518
4 D
42 1324041924
50
41 D
32 D
39
19
34 289579709
2 239889505
35
29 514252968
2 D
41 549375320
14 D
15
15 D
35
29 D
41 1614914696
47 327582931
31
43
41 1908226576
9
27 D
50
1 861256867
50
13 566024907
22
27 D
19 D
1 D
42 722641266
36 1137732783
12
12
17
3
46 136498215
8 D
36 1210228050
14 1153702253
43
41
31
28
32 157266614
39
14 D
5 D
10 D
37 1116653021
23 D
21 211021924
30 D
23 1062159265
45 D
11 1589125321
41 514509257
19 D
20 D
3 586463766
6 28669633
20 D
14 1367899040
45 1141029168
13
48
5 D
9 724374429
2 D
24 1324628218
48
22 D
6 717619417
32 D
23 D
48 D
16
7
38
47
26 D
11 470108712
9
7 D
38 2015234675
7
46 1876649542
35 D
13 633550978
35 D
20
44
27 598944021
43 1971674810
25
37 30390150
44 D
11 1567869184
46 1838946622
31 1240775476
28 D
8 1428435836
21 D
21 D
34 D
21 492088589
8
1 1717016575
36 14663516
45 1575158375
40
33
45 707115939
6 1614652857
4 419293545
22 1316890858
34
45
4 D
15 1696923304
29
26 239012498
2 259802006
1
19 D
34
31 D
25
15 D
26 1197133090
16 D
3 D
35 D
16
49
32 D
10
30
6
40 D
5 D
43
8 2091428459
17
26 1497697285
12 1737294982
17
19
26 1763806594
13 D
13 285003862
24 29025857
1 1948192848
20
17 D
37
12 590856077
38 D
4 1232069230
37
5 259210346
16 532404214
17
35
15 D
40
36 D
37 D
1 D
1
46
29
36
36 1095354147
30 1716213775
24
23 1346045519
3 D
20 366800278
8 D
28
46
48 D
28 171906154
2
22 1793728335
5
12
33
37 1709602849
46 D
39
5 1048543177
5 D
15 D
25
7 D
44
32
35 1794966982
27 D
20
19
15
9 D
29
34 725100592
18 D
5 489117556
23
33 D
23
47 D
24 D
1
48
18 D
28
30
19 967339724
46
20 D
41 224185450
28 D
45
28 D
48 D
38
9 D
47
44
45
3 D
33
47 1207757160
28 D
41
26 D
2 D
44 D
42
36 1762006698
3 1199468839
42
20 1572509770
38 D
49
50
24 430972304
14 D
40
49 187423102
21 D
14 604414509
13
17 D
16 D
5 D
32 D
38 1636630487
3
16 D
10
37
28
33 2006592943
5 42401316
36
16
23
2 D
16 1257934705
45 D
43 D
25
29 364324932
39
32 715056749
1
22
47
28 D
4 D
27 D
4
45 D
37
25 446157999
46 D
14
33 D
48
14 1148135456
14 D
19 D
33 D
22 D
23 979170146
27 408954996
50
21 624511823
14 D
27 567316163
48
44
36 D
28
11
2
19 301724793
41
11
48
17
28 1451480787
24 1869919938
7 141827382
42 D
41 1322069012
2 D
29 126859813
19 D
47 2122237131
39 D
3
25
20
2
24 D
36 1079226577
48
47 1184451640
11
10 D
20 D
11 1034208708
6 D
21 323977040
30
1 294823111
34
49 D
11 548429389
17 D
27 D
37 D
46 1381052592
40
11
46 2123602840
20
25 D
9 D
9 1378774981
49 389376444
2 1540067816
38
27 D
3
25 D
41 424847760
16 D
8
29 1888612197
29 96750131
5
36 D
6 476640483
5 2017547182
15
18 1380607819
40
24
13
33 1543964889
5
39 D
7
36 D
30
25 D
13 D
36 2081532477
4 D
28 D
19 D
19 D
39
41
17 D
45
23
34
41 546282626
14
9 393885085
41
43
42 D
39
35 D
14
8 D
42
30
46
33 398875770
47 D
48
38 197160525
34 1791620457
42
15 D
48
50
28
22 349632916
27 D
39 D
32 358621508
2 1577520726
32 851748063
41 1966118717
14 70215041
20
4 1526956874
9 D
1
45 D
37 D
45 1625774625
16 D
14 D
21 1907675816
35 D
32
30 2106991698
32 D
43
7 D
9
46
32
46 D
25 D
50 482704603
5
23
37 1912304315
36
48
37
39
19 838929691
6 D
45 D
40
25 1793305693
8
30 233615120
47
48 D
35
18 917653485
36
50
35 1100293891
40 D
34 D
31 885241652
30 D
48 1168509204
17
13 1224939039
13 D
39
21
10
9 783529099
11 586501033
19 D
15 2139855795
8 D
44 1542347306
28 931006066
14 268667070
27 D
5
20 D
45 D
13 587580319
11 D
7 102683911
19 1916529647
9 D
34 D
5
13 D
38
28 D
20
45 D
27
46 D
4 D
36 D
46 1906016589
21
12 1422834691
37 2027605672
31 D
13 1356136812
37 1971619388
29 D
45
49 1568029464
26
37 D
26
34 1110213765
12
28
40
16 2129855239
18
32 D
3 1766690463
22
28 2026850064
27
20
18 1710514809
21 85190599
11 D
16 D
16 218875762
16 D
43 D
16 1519726462
26 D
9 D
41
39 1053954512
42 1444100872
23 2027246585
9 1601536875
25 D
30 D
40 1966977314
33 D
30 1486436319
33 1075735242
13 D
21 D
19 D
33 D
10
22 180525793
16
6 1779589625
4 D
32
17 1321012486
20 220715267
15 D
15
40
34
35 990144683
6 787191673
45
15 1610608501
24 D
3 D
32 2101651293
46 D
44
27 1867169118
42 298930916
2 695392213
5
5 1030922145
14 436023398
44
43 707354990
37
42 1315750244
9
32
47 D
36 D
33
28 D
36 1918136971
45 779083702
47 1561395361
43 D
23
34 D
26 D
40
48
23 1607528645
19
21
7 515360763
2
15 1475872892
19
46 D
33 1412225991
1 1824824625
15 D
26 D
6 D
48 417622566
43 D
5
20 D
13 D
23 1281688240
6
50 1911217705
5
44 D
11
17 D
50
46 D
45 D
30 2024523090
30
3 290300533
31
8 509908385
25 1047964172
16
49
7 D
45
29
28
9 D
8 370529338
13 D
29 1146732416
34 820715865
40
4 D
50
46 667905514
41
50
3 D
32
45 D
37 1707273892
49
3 2077280905
5 D
18 D
2 D
10 D
34
1 78121341
18 D
48 D
16 D
50
18
8 252561727
12 1310537545
23
11
14 611785451
49
13
12 254481380
48
4 D
18
17 1832482599
45 D
36 1152195807
42
46 1739141648
40 D
46 845461541
23
24
17
25 755675675
35
5 D
19 D
43
12
48 1141295127
13 385444973
39 D
11
11
2
36 D
22
40 D
39
24 614883794
50
14
50 441354314
49 D
31
15 1454562172
47 507297006
9 D
38 101643810
41
6 990694672
12 1048725559
22 D
13
5
8 1905678925
17 1517135157
33 1548916084
1 2141991331
1 D
6 D
9 D
44 1292509263
38 D
7 1119050613
10 138448952
20 1911760627
44
28
32
2 D
46
11
20 D
4
42 D
1 1390271318
2
4
22 513339955
9
15
10
48 385374621
33
7 D
1 645858530
14
17 D
5 772668669
32 D
22
5 D
2 1227339843
27
33 1466497440
18
25
41 D
46 564450556
35
43
48 1269948874
9
49 1581335631
21
40
28 2053507789
26 D
43 D
26 D
11 163070604
42 540323675
20
14
17 D
6 182706277
50 814869739
14
16 287720205
29 D
39 D
1 328013945
40
4 D
50 D
44
21 657146894
27 D
31
24 D
8
7 1950500866
30 636474032
40
50 1896123858
47 D
37 D
36
23 D
43
30
15 1684902022
21
44
37 D
45
37 1364785370
23
35
24
23 D
6 D
33 D
8 D
43 D
37
9
25 D
34 D
27
22 1268442385
42
47 1331414331
12 53780077
16 320170898
26 D
50 1856748663
36
36 213245218
14 880957904
20
25
4
29 1188927476
28
2 1671333778
47 D
37 D
49 1585911576
26
21 D
31 1665596628
7 D
26
45
4
11 1594618065
4 D
35
8 D
12 D
24
9 406433772
45
16 1423163059
30 D
46
45 D
10
11 D
8 D
20 776277815
3
28
38
17 D
11 D
5 343919109
37
32
22 188369321
20
44 230932721
30
1
45
47 D
14 504486601
37 1282174950
8 1416360642
33 457500159
38 1576321073
2
35 2084399894
49
46
4
40
24 1130094828
31 1430026219
7 1717766601
15 707673297
13 750331071
4 D
39 1547519808
15
41
32 D
49 D
9 246633753
38 D
43
26
4 1140816936
29 1057723564
47 D
27
45 2026917466
24
34 D
5 D
6 1604553854
26 D
44 830667520
47
39
39 858348473
48 D
49 819981544
40 885818522
29 D
30 1390327201
2
12
20 D
47
50
2
19
15 D
14 D
41 433818386
30 D
6 2083087386
19 575316440
5 1473197381
5 1541548669
40 D
27 1886807973
34 D
26 1995282787
47 D
13 D
8 1467292739
17 2055945127
36 D
44
16 D
13 D
22
40
47 810363938
6
41
19 D
45
20 689198374
25 1569576087
30
20
46 377861869
2 1456628679
37 D
49 D
15 1240677061
45 D
33
6 D
9 D
38
49
49 D
3 D
34
33 297282486
6 D
31 D
43 D
27
37 621182299
15 1590955444
34 1427946114
36
29
11 D
46 D
42 399561643
48
25
49 D
46 D
30 1080315216
50 244261030
30
30 D
45
47 D
12
14 2125463743
16 D
42 840669330
12
43 2042438064
18
15
32 D
47
42 D
7 D
3 984984737
29 D
2 1036399664
38
18 107399137
48
50
19 1859039979
31 388661710
17 D
33
32
24 D
45 D
42
19 D
12 D
29
8 869507478
13 D
1 D
15
24
17 887006913
7 D
48 D
44
30
46
14 1258591363
6 D
6 1066654920
43 D
19 1402922668
22
1 D
2 984841978
43
15
16 D
37 D
36 1103262587
9
25
29 D
24 D
22
12
14 600831224
35 1950147719
13 1581778497
47 D
35 886467135
32 1582524851
10 1557383267
42 2009005043
7
31 D
36
2 D
29 1548252562
6 737226332
15
50
23 D
28 D
9
29
45 347881840
12 1586024175
19 1175467074
8 D
14 656622340
46
44
29 1188403430
25 D
16 1106081040
49 233312720
6
21 1932705824
32
18 1224736359
9 291906725
42
47 1161819800
42 1565298103
39
13 D
44
41 D
17 1395825797
4 441484262
45 D
49 814860690
45 1334546934
